[0.850s] Invoking command in '/home/sofia/subscriber/src/dg_optitrack': PYTHONPATH=/home/sofia/subscriber/build/dg_optitrack/prefix_override:/home/sofia/subscriber/install/dg_optitrack/lib/python3.8/site-packages:${PYTHONPATH} /usr/bin/python3 setup.py egg_info --egg-base ../../build/dg_optitrack build --build-base /home/sofia/subscriber/build/dg_optitrack/build install --record /home/sofia/subscriber/build/dg_optitrack/install.log --install-scripts $base/lib/dg_optitrack --single-version-externally-managed
[0.967s] running egg_info
[0.967s] writing ../../build/dg_optitrack/dg_optitrack.egg-info/PKG-INFO
[0.968s] writing dependency_links to ../../build/dg_optitrack/dg_optitrack.egg-info/dependency_links.txt
[0.968s] writing entry points to ../../build/dg_optitrack/dg_optitrack.egg-info/entry_points.txt
[0.968s] writing requirements to ../../build/dg_optitrack/dg_optitrack.egg-info/requires.txt
[0.968s] writing top-level names to ../../build/dg_optitrack/dg_optitrack.egg-info/top_level.txt
[0.987s] reading manifest file '../../build/dg_optitrack/dg_optitrack.egg-info/SOURCES.txt'
[0.987s] writing manifest file '../../build/dg_optitrack/dg_optitrack.egg-info/SOURCES.txt'
[0.987s] running build
[0.987s] running build_py
[0.988s] copying dg_optitrack/subscriber.py -> /home/sofia/subscriber/build/dg_optitrack/build/lib/dg_optitrack
[0.988s] copying dg_optitrack/publisher.py -> /home/sofia/subscriber/build/dg_optitrack/build/lib/dg_optitrack
[0.988s] running install
[0.988s] running install_lib
[0.988s] copying /home/sofia/subscriber/build/dg_optitrack/build/lib/dg_optitrack/subscriber.py -> /home/sofia/subscriber/install/dg_optitrack/lib/python3.8/site-packages/dg_optitrack
[0.989s] copying /home/sofia/subscriber/build/dg_optitrack/build/lib/dg_optitrack/publisher.py -> /home/sofia/subscriber/install/dg_optitrack/lib/python3.8/site-packages/dg_optitrack
[0.989s] byte-compiling /home/sofia/subscriber/install/dg_optitrack/lib/python3.8/site-packages/dg_optitrack/subscriber.py to subscriber.cpython-38.pyc
[0.990s] byte-compiling /home/sofia/subscriber/install/dg_optitrack/lib/python3.8/site-packages/dg_optitrack/publisher.py to publisher.cpython-38.pyc
[0.990s] running install_data
[0.990s] copying package.xml -> /home/sofia/subscriber/install/dg_optitrack/share/dg_optitrack
[0.990s] running install_egg_info
[0.991s] removing '/home/sofia/subscriber/install/dg_optitrack/lib/python3.8/site-packages/dg_optitrack-0.0.0-py3.8.egg-info' (and everything under it)
[0.991s] Copying ../../build/dg_optitrack/dg_optitrack.egg-info to /home/sofia/subscriber/install/dg_optitrack/lib/python3.8/site-packages/dg_optitrack-0.0.0-py3.8.egg-info
[0.991s] running install_scripts
[1.000s] Installing listener script to /home/sofia/subscriber/install/dg_optitrack/lib/dg_optitrack
[1.000s] Installing talker script to /home/sofia/subscriber/install/dg_optitrack/lib/dg_optitrack
[1.001s] writing list of installed files to '/home/sofia/subscriber/build/dg_optitrack/install.log'
[1.009s] Invoked command in '/home/sofia/subscriber/src/dg_optitrack' returned '0': PYTHONPATH=/home/sofia/subscriber/build/dg_optitrack/prefix_override:/home/sofia/subscriber/install/dg_optitrack/lib/python3.8/site-packages:${PYTHONPATH} /usr/bin/python3 setup.py egg_info --egg-base ../../build/dg_optitrack build --build-base /home/sofia/subscriber/build/dg_optitrack/build install --record /home/sofia/subscriber/build/dg_optitrack/install.log --install-scripts $base/lib/dg_optitrack --single-version-externally-managed
