running egg_info
creating ../../build/dg_optitrack/dg_optitrack.egg-info
writing ../../build/dg_optitrack/dg_optitrack.egg-info/PKG-INFO
writing dependency_links to ../../build/dg_optitrack/dg_optitrack.egg-info/dependency_links.txt
writing entry points to ../../build/dg_optitrack/dg_optitrack.egg-info/entry_points.txt
writing requirements to ../../build/dg_optitrack/dg_optitrack.egg-info/requires.txt
writing top-level names to ../../build/dg_optitrack/dg_optitrack.egg-info/top_level.txt
writing manifest file '../../build/dg_optitrack/dg_optitrack.egg-info/SOURCES.txt'
reading manifest file '../../build/dg_optitrack/dg_optitrack.egg-info/SOURCES.txt'
writing manifest file '../../build/dg_optitrack/dg_optitrack.egg-info/SOURCES.txt'
running build
running build_py
creating /home/sofia/subscriber/build/dg_optitrack/build
creating /home/sofia/subscriber/build/dg_optitrack/build/lib
creating /home/sofia/subscriber/build/dg_optitrack/build/lib/dg_optitrack
copying dg_optitrack/__init__.py -> /home/sofia/subscriber/build/dg_optitrack/build/lib/dg_optitrack
running install
running install_lib
creating /home/sofia/subscriber/install/dg_optitrack/lib/python3.8/site-packages/dg_optitrack
copying /home/sofia/subscriber/build/dg_optitrack/build/lib/dg_optitrack/__init__.py -> /home/sofia/subscriber/install/dg_optitrack/lib/python3.8/site-packages/dg_optitrack
byte-compiling /home/sofia/subscriber/install/dg_optitrack/lib/python3.8/site-packages/dg_optitrack/__init__.py to __init__.cpython-38.pyc
running install_data
creating /home/sofia/subscriber/install/dg_optitrack/share/ament_index
creating /home/sofia/subscriber/install/dg_optitrack/share/ament_index/resource_index
creating /home/sofia/subscriber/install/dg_optitrack/share/ament_index/resource_index/packages
copying resource/dg_optitrack -> /home/sofia/subscriber/install/dg_optitrack/share/ament_index/resource_index/packages
copying package.xml -> /home/sofia/subscriber/install/dg_optitrack/share/dg_optitrack
running install_egg_info
Copying ../../build/dg_optitrack/dg_optitrack.egg-info to /home/sofia/subscriber/install/dg_optitrack/lib/python3.8/site-packages/dg_optitrack-0.0.0-py3.8.egg-info
running install_scripts
writing list of installed files to '/home/sofia/subscriber/build/dg_optitrack/install.log'
