[0.753s] Invoking command in '/home/sofia/subscriber/src/dg_optitrack': PYTHONPATH=/home/sofia/subscriber/build/dg_optitrack/prefix_override:/home/sofia/subscriber/install/dg_optitrack/lib/python3.8/site-packages:${PYTHONPATH} /usr/bin/python3 setup.py egg_info --egg-base ../../build/dg_optitrack build --build-base /home/sofia/subscriber/build/dg_optitrack/build install --record /home/sofia/subscriber/build/dg_optitrack/install.log --install-scripts $base/lib/dg_optitrack --single-version-externally-managed
[0.879s] running egg_info
[0.879s] creating ../../build/dg_optitrack/dg_optitrack.egg-info
[0.879s] writing ../../build/dg_optitrack/dg_optitrack.egg-info/PKG-INFO
[0.879s] writing dependency_links to ../../build/dg_optitrack/dg_optitrack.egg-info/dependency_links.txt
[0.879s] writing entry points to ../../build/dg_optitrack/dg_optitrack.egg-info/entry_points.txt
[0.879s] writing requirements to ../../build/dg_optitrack/dg_optitrack.egg-info/requires.txt
[0.879s] writing top-level names to ../../build/dg_optitrack/dg_optitrack.egg-info/top_level.txt
[0.880s] writing manifest file '../../build/dg_optitrack/dg_optitrack.egg-info/SOURCES.txt'
[0.899s] reading manifest file '../../build/dg_optitrack/dg_optitrack.egg-info/SOURCES.txt'
[0.899s] writing manifest file '../../build/dg_optitrack/dg_optitrack.egg-info/SOURCES.txt'
[0.899s] running build
[0.899s] running build_py
[0.899s] creating /home/sofia/subscriber/build/dg_optitrack/build
[0.899s] creating /home/sofia/subscriber/build/dg_optitrack/build/lib
[0.899s] creating /home/sofia/subscriber/build/dg_optitrack/build/lib/dg_optitrack
[0.899s] copying dg_optitrack/__init__.py -> /home/sofia/subscriber/build/dg_optitrack/build/lib/dg_optitrack
[0.899s] running install
[0.900s] running install_lib
[0.900s] creating /home/sofia/subscriber/install/dg_optitrack/lib/python3.8/site-packages/dg_optitrack
[0.900s] copying /home/sofia/subscriber/build/dg_optitrack/build/lib/dg_optitrack/__init__.py -> /home/sofia/subscriber/install/dg_optitrack/lib/python3.8/site-packages/dg_optitrack
[0.900s] byte-compiling /home/sofia/subscriber/install/dg_optitrack/lib/python3.8/site-packages/dg_optitrack/__init__.py to __init__.cpython-38.pyc
[0.901s] running install_data
[0.901s] creating /home/sofia/subscriber/install/dg_optitrack/share/ament_index
[0.901s] creating /home/sofia/subscriber/install/dg_optitrack/share/ament_index/resource_index
[0.901s] creating /home/sofia/subscriber/install/dg_optitrack/share/ament_index/resource_index/packages
[0.901s] copying resource/dg_optitrack -> /home/sofia/subscriber/install/dg_optitrack/share/ament_index/resource_index/packages
[0.901s] copying package.xml -> /home/sofia/subscriber/install/dg_optitrack/share/dg_optitrack
[0.902s] running install_egg_info
[0.902s] Copying ../../build/dg_optitrack/dg_optitrack.egg-info to /home/sofia/subscriber/install/dg_optitrack/lib/python3.8/site-packages/dg_optitrack-0.0.0-py3.8.egg-info
[0.903s] running install_scripts
[0.912s] writing list of installed files to '/home/sofia/subscriber/build/dg_optitrack/install.log'
[0.922s] Invoked command in '/home/sofia/subscriber/src/dg_optitrack' returned '0': PYTHONPATH=/home/sofia/subscriber/build/dg_optitrack/prefix_override:/home/sofia/subscriber/install/dg_optitrack/lib/python3.8/site-packages:${PYTHONPATH} /usr/bin/python3 setup.py egg_info --egg-base ../../build/dg_optitrack build --build-base /home/sofia/subscriber/build/dg_optitrack/build install --record /home/sofia/subscriber/build/dg_optitrack/install.log --install-scripts $base/lib/dg_optitrack --single-version-externally-managed
