running egg_info
writing ../../build/dg_optitrack/dg_optitrack.egg-info/PKG-INFO
writing dependency_links to ../../build/dg_optitrack/dg_optitrack.egg-info/dependency_links.txt
writing entry points to ../../build/dg_optitrack/dg_optitrack.egg-info/entry_points.txt
writing requirements to ../../build/dg_optitrack/dg_optitrack.egg-info/requires.txt
writing top-level names to ../../build/dg_optitrack/dg_optitrack.egg-info/top_level.txt
reading manifest file '../../build/dg_optitrack/dg_optitrack.egg-info/SOURCES.txt'
writing manifest file '../../build/dg_optitrack/dg_optitrack.egg-info/SOURCES.txt'
running build
running build_py
running install
running install_lib
running install_data
running install_egg_info
removing '/home/sofia/subscriber/install/dg_optitrack/lib/python3.8/site-packages/dg_optitrack-0.0.0-py3.8.egg-info' (and everything under it)
Copying ../../build/dg_optitrack/dg_optitrack.egg-info to /home/sofia/subscriber/install/dg_optitrack/lib/python3.8/site-packages/dg_optitrack-0.0.0-py3.8.egg-info
running install_scripts
Installing publisher script to /home/sofia/subscriber/install/dg_optitrack/lib/dg_optitrack
Installing subscriber script to /home/sofia/subscriber/install/dg_optitrack/lib/dg_optitrack
writing list of installed files to '/home/sofia/subscriber/build/dg_optitrack/install.log'
