[2.680s] DEBUG:colcon:Command line arguments: ['/home/sofia/.local/bin/colcon', 'build', '--packages-select', 'dg_optitrack']
[2.680s] DEBUG:colcon:Parsed command line arguments: Namespace(ament_cmake_args=None, base_paths=['.'], build_base='build', catkin_cmake_args=None, catkin_skip_building_tests=False, cmake_args=None, cmake_clean_cache=False, cmake_clean_first=False, cmake_force_configure=False, cmake_target=None, cmake_target_skip_unavailable=False, continue_on_error=False, event_handlers=None, executor='parallel', ignore_user_meta=False, install_base='install', log_base=None, log_level=None, main=<bound method BuildVerb.main of <colcon_core.verb.build.BuildVerb object at 0x7f19851fae20>>, merge_install=False, metas=['./colcon.meta'], packages_above=None, packages_above_and_dependencies=None, packages_above_depth=None, packages_end=None, packages_ignore=None, packages_ignore_regex=None, packages_select=['dg_optitrack'], packages_select_build_failed=False, packages_select_by_dep=None, packages_select_regex=None, packages_select_test_failures=False, packages_skip=None, packages_skip_build_finished=False, packages_skip_by_dep=None, packages_skip_regex=None, packages_skip_test_passed=False, packages_skip_up_to=None, packages_start=None, packages_up_to=None, packages_up_to_regex=None, parallel_workers=32, paths=None, symlink_install=False, test_result_base=None, verb_extension=<colcon_core.verb.build.BuildVerb object at 0x7f19851fae20>, verb_name='build', verb_parser=<colcon_defaults.argument_parser.defaults.DefaultArgumentsDecorator object at 0x7f19852a60a0>)
[2.798s] Level 1:colcon.colcon_core.package_discovery:discover_packages(colcon_meta) check parameters
[2.798s] Level 1:colcon.colcon_core.package_discovery:discover_packages(recursive) check parameters
[2.798s] Level 1:colcon.colcon_core.package_discovery:discover_packages(ignore) check parameters
[2.798s] Level 1:colcon.colcon_core.package_discovery:discover_packages(path) check parameters
[2.798s] Level 1:colcon.colcon_core.package_discovery:discover_packages(colcon_meta) discover
[2.798s] Level 1:colcon.colcon_core.package_discovery:discover_packages(recursive) discover
[2.798s] INFO:colcon.colcon_core.package_discovery:Crawling recursively for packages in '/home/sofia/subscriber'
[2.798s] Level 1:colcon.colcon_core.package_identification:_identify(.) by extensions ['ignore', 'ignore_ament_install']
[2.798s] Level 1:colcon.colcon_core.package_identification:_identify(.) by extension 'ignore'
[2.798s] Level 1:colcon.colcon_core.package_identification:_identify(.) by extension 'ignore_ament_install'
[2.798s] Level 1:colcon.colcon_core.package_identification:_identify(.) by extensions ['colcon_pkg']
[2.798s] Level 1:colcon.colcon_core.package_identification:_identify(.) by extension 'colcon_pkg'
[2.798s] Level 1:colcon.colcon_core.package_identification:_identify(.) by extensions ['colcon_meta']
[2.798s] Level 1:colcon.colcon_core.package_identification:_identify(.) by extension 'colcon_meta'
[2.798s] Level 1:colcon.colcon_core.package_identification:_identify(.) by extensions ['ros']
[2.798s] Level 1:colcon.colcon_core.package_identification:_identify(.) by extension 'ros'
[2.810s] Level 1:colcon.colcon_core.package_identification:_identify(.) by extensions ['cmake', 'python']
[2.810s] Level 1:colcon.colcon_core.package_identification:_identify(.) by extension 'cmake'
[2.810s] Level 1:colcon.colcon_core.package_identification:_identify(.) by extension 'python'
[2.810s] Level 1:colcon.colcon_core.package_identification:_identify(.) by extensions ['python_setup_py']
[2.810s] Level 1:colcon.colcon_core.package_identification:_identify(.) by extension 'python_setup_py'
[2.810s] Level 1:colcon.colcon_core.package_identification:_identify(build) by extensions ['ignore', 'ignore_ament_install']
[2.810s] Level 1:colcon.colcon_core.package_identification:_identify(build) by extension 'ignore'
[2.810s] Level 1:colcon.colcon_core.package_identification:_identify(build) ignored
[2.810s] Level 1:colcon.colcon_core.package_identification:_identify(install) by extensions ['ignore', 'ignore_ament_install']
[2.811s] Level 1:colcon.colcon_core.package_identification:_identify(install) by extension 'ignore'
[2.811s] Level 1:colcon.colcon_core.package_identification:_identify(install) ignored
[2.811s] Level 1:colcon.colcon_core.package_identification:_identify(log) by extensions ['ignore', 'ignore_ament_install']
[2.811s] Level 1:colcon.colcon_core.package_identification:_identify(log) by extension 'ignore'
[2.811s] Level 1:colcon.colcon_core.package_identification:_identify(log) ignored
[2.811s] Level 1:colcon.colcon_core.package_identification:_identify(src) by extensions ['ignore', 'ignore_ament_install']
[2.811s] Level 1:colcon.colcon_core.package_identification:_identify(src) by extension 'ignore'
[2.811s] Level 1:colcon.colcon_core.package_identification:_identify(src) by extension 'ignore_ament_install'
[2.811s] Level 1:colcon.colcon_core.package_identification:_identify(src) by extensions ['colcon_pkg']
[2.811s] Level 1:colcon.colcon_core.package_identification:_identify(src) by extension 'colcon_pkg'
[2.811s] Level 1:colcon.colcon_core.package_identification:_identify(src) by extensions ['colcon_meta']
[2.811s] Level 1:colcon.colcon_core.package_identification:_identify(src) by extension 'colcon_meta'
[2.811s] Level 1:colcon.colcon_core.package_identification:_identify(src) by extensions ['ros']
[2.811s] Level 1:colcon.colcon_core.package_identification:_identify(src) by extension 'ros'
[2.811s] Level 1:colcon.colcon_core.package_identification:_identify(src) by extensions ['cmake', 'python']
[2.811s] Level 1:colcon.colcon_core.package_identification:_identify(src) by extension 'cmake'
[2.811s] Level 1:colcon.colcon_core.package_identification:_identify(src) by extension 'python'
[2.811s] Level 1:colcon.colcon_core.package_identification:_identify(src) by extensions ['python_setup_py']
[2.811s] Level 1:colcon.colcon_core.package_identification:_identify(src) by extension 'python_setup_py'
[2.811s] Level 1:colcon.colcon_core.package_identification:_identify(src/build) by extensions ['ignore', 'ignore_ament_install']
[2.811s] Level 1:colcon.colcon_core.package_identification:_identify(src/build) by extension 'ignore'
[2.811s] Level 1:colcon.colcon_core.package_identification:_identify(src/build) ignored
[2.811s] Level 1:colcon.colcon_core.package_identification:_identify(src/dg_optitrack) by extensions ['ignore', 'ignore_ament_install']
[2.811s] Level 1:colcon.colcon_core.package_identification:_identify(src/dg_optitrack) by extension 'ignore'
[2.811s] Level 1:colcon.colcon_core.package_identification:_identify(src/dg_optitrack) by extension 'ignore_ament_install'
[2.811s] Level 1:colcon.colcon_core.package_identification:_identify(src/dg_optitrack) by extensions ['colcon_pkg']
[2.811s] Level 1:colcon.colcon_core.package_identification:_identify(src/dg_optitrack) by extension 'colcon_pkg'
[2.811s] Level 1:colcon.colcon_core.package_identification:_identify(src/dg_optitrack) by extensions ['colcon_meta']
[2.811s] Level 1:colcon.colcon_core.package_identification:_identify(src/dg_optitrack) by extension 'colcon_meta'
[2.812s] Level 1:colcon.colcon_core.package_identification:_identify(src/dg_optitrack) by extensions ['ros']
[2.812s] Level 1:colcon.colcon_core.package_identification:_identify(src/dg_optitrack) by extension 'ros'
[2.813s] DEBUG:colcon.colcon_core.package_identification:Package 'src/dg_optitrack' with type 'ros.ament_python' and name 'dg_optitrack'
[2.813s] Level 1:colcon.colcon_core.package_identification:_identify(src/install) by extensions ['ignore', 'ignore_ament_install']
[2.813s] Level 1:colcon.colcon_core.package_identification:_identify(src/install) by extension 'ignore'
[2.813s] Level 1:colcon.colcon_core.package_identification:_identify(src/install) ignored
[2.813s] Level 1:colcon.colcon_core.package_identification:_identify(src/log) by extensions ['ignore', 'ignore_ament_install']
[2.813s] Level 1:colcon.colcon_core.package_identification:_identify(src/log) by extension 'ignore'
[2.813s] Level 1:colcon.colcon_core.package_identification:_identify(src/log) ignored
[2.813s] Level 1:colcon.colcon_core.package_discovery:discover_packages(recursive) using defaults
[2.813s] Level 1:colcon.colcon_core.package_discovery:discover_packages(ignore) discover
[2.813s] Level 1:colcon.colcon_core.package_discovery:discover_packages(ignore) using defaults
[2.813s] Level 1:colcon.colcon_core.package_discovery:discover_packages(path) discover
[2.813s] Level 1:colcon.colcon_core.package_discovery:discover_packages(path) using defaults
[3.020s] Level 5:colcon.colcon_core.verb:set package 'dg_optitrack' build argument 'cmake_args' from command line to 'None'
[3.020s] Level 5:colcon.colcon_core.verb:set package 'dg_optitrack' build argument 'cmake_target' from command line to 'None'
[3.021s] Level 5:colcon.colcon_core.verb:set package 'dg_optitrack' build argument 'cmake_target_skip_unavailable' from command line to 'False'
[3.021s] Level 5:colcon.colcon_core.verb:set package 'dg_optitrack' build argument 'cmake_clean_cache' from command line to 'False'
[3.021s] Level 5:colcon.colcon_core.verb:set package 'dg_optitrack' build argument 'cmake_clean_first' from command line to 'False'
[3.021s] Level 5:colcon.colcon_core.verb:set package 'dg_optitrack' build argument 'cmake_force_configure' from command line to 'False'
[3.021s] Level 5:colcon.colcon_core.verb:set package 'dg_optitrack' build argument 'ament_cmake_args' from command line to 'None'
[3.021s] Level 5:colcon.colcon_core.verb:set package 'dg_optitrack' build argument 'catkin_cmake_args' from command line to 'None'
[3.021s] Level 5:colcon.colcon_core.verb:set package 'dg_optitrack' build argument 'catkin_skip_building_tests' from command line to 'False'
[3.021s] DEBUG:colcon.colcon_core.verb:Building package 'dg_optitrack' with the following arguments: {'ament_cmake_args': None, 'build_base': '/home/sofia/subscriber/build/dg_optitrack', 'catkin_cmake_args': None, 'catkin_skip_building_tests': False, 'cmake_args': None, 'cmake_clean_cache': False, 'cmake_clean_first': False, 'cmake_force_configure': False, 'cmake_target': None, 'cmake_target_skip_unavailable': False, 'install_base': '/home/sofia/subscriber/install/dg_optitrack', 'merge_install': False, 'path': '/home/sofia/subscriber/src/dg_optitrack', 'symlink_install': False, 'test_result_base': None}
[3.070s] INFO:colcon.colcon_core.executor:Executing jobs using 'parallel' executor
[3.120s] DEBUG:colcon.colcon_parallel_executor.executor.parallel:run_until_complete
[3.120s] INFO:colcon.colcon_ros.task.ament_python.build:Building ROS package in '/home/sofia/subscriber/src/dg_optitrack' with build type 'ament_python'
[3.120s] Level 1:colcon.colcon_core.shell:create_environment_hook('dg_optitrack', 'ament_prefix_path')
[3.172s] INFO:colcon.colcon_core.plugin_system:Skipping extension 'colcon_core.shell.bat': Not used on non-Windows systems
[3.172s] INFO:colcon.colcon_core.shell:Creating environment hook '/home/sofia/subscriber/install/dg_optitrack/share/dg_optitrack/hook/ament_prefix_path.ps1'
[3.172s] INFO:colcon.colcon_core.shell:Creating environment descriptor '/home/sofia/subscriber/install/dg_optitrack/share/dg_optitrack/hook/ament_prefix_path.dsv'
[3.173s] INFO:colcon.colcon_core.shell:Creating environment hook '/home/sofia/subscriber/install/dg_optitrack/share/dg_optitrack/hook/ament_prefix_path.sh'
[3.224s] INFO:colcon.colcon_core.shell:Skip shell extension 'powershell' for command environment: Not usable outside of PowerShell
[3.224s] DEBUG:colcon.colcon_core.shell:Skip shell extension 'dsv' for command environment
[3.521s] INFO:colcon.colcon_core.task.python.build:Building Python package in '/home/sofia/subscriber/src/dg_optitrack'
[3.586s] INFO:colcon.colcon_core.shell:Skip shell extension 'powershell' for command environment: Not usable outside of PowerShell
[3.586s] DEBUG:colcon.colcon_core.shell:Skip shell extension 'dsv' for command environment
[3.971s] DEBUG:colcon.colcon_core.event_handler.log_command:Invoking command in '/home/sofia/subscriber/src/dg_optitrack': PYTHONPATH=/home/sofia/subscriber/build/dg_optitrack/prefix_override:/home/sofia/subscriber/install/dg_optitrack/lib/python3.8/site-packages:${PYTHONPATH} /usr/bin/python3 setup.py egg_info --egg-base ../../build/dg_optitrack build --build-base /home/sofia/subscriber/build/dg_optitrack/build install --record /home/sofia/subscriber/build/dg_optitrack/install.log --install-scripts $base/lib/dg_optitrack --single-version-externally-managed
[4.130s] DEBUG:colcon.colcon_core.event_handler.log_command:Invoked command in '/home/sofia/subscriber/src/dg_optitrack' returned '0': PYTHONPATH=/home/sofia/subscriber/build/dg_optitrack/prefix_override:/home/sofia/subscriber/install/dg_optitrack/lib/python3.8/site-packages:${PYTHONPATH} /usr/bin/python3 setup.py egg_info --egg-base ../../build/dg_optitrack build --build-base /home/sofia/subscriber/build/dg_optitrack/build install --record /home/sofia/subscriber/build/dg_optitrack/install.log --install-scripts $base/lib/dg_optitrack --single-version-externally-managed
[4.189s] Level 1:colcon.colcon_core.environment:checking '/home/sofia/subscriber/install/dg_optitrack' for CMake module files
[4.189s] Level 1:colcon.colcon_core.environment:checking '/home/sofia/subscriber/install/dg_optitrack' for CMake config files
[4.190s] Level 1:colcon.colcon_core.environment:checking '/home/sofia/subscriber/install/dg_optitrack/lib'
[4.190s] Level 1:colcon.colcon_core.environment:checking '/home/sofia/subscriber/install/dg_optitrack/bin'
[4.190s] Level 1:colcon.colcon_core.environment:checking '/home/sofia/subscriber/install/dg_optitrack/lib/pkgconfig/dg_optitrack.pc'
[4.190s] Level 1:colcon.colcon_core.environment:checking '/home/sofia/subscriber/install/dg_optitrack/lib/python3.8/site-packages'
[4.190s] Level 1:colcon.colcon_core.shell:create_environment_hook('dg_optitrack', 'pythonpath')
[4.245s] INFO:colcon.colcon_core.shell:Creating environment hook '/home/sofia/subscriber/install/dg_optitrack/share/dg_optitrack/hook/pythonpath.ps1'
[4.245s] INFO:colcon.colcon_core.shell:Creating environment descriptor '/home/sofia/subscriber/install/dg_optitrack/share/dg_optitrack/hook/pythonpath.dsv'
[4.245s] INFO:colcon.colcon_core.shell:Creating environment hook '/home/sofia/subscriber/install/dg_optitrack/share/dg_optitrack/hook/pythonpath.sh'
[4.246s] Level 1:colcon.colcon_core.environment:checking '/home/sofia/subscriber/install/dg_optitrack/bin'
[4.246s] Level 1:colcon.colcon_core.environment:create_environment_scripts_only(dg_optitrack)
[4.298s] INFO:colcon.colcon_core.shell:Creating package script '/home/sofia/subscriber/install/dg_optitrack/share/dg_optitrack/package.ps1'
[4.299s] INFO:colcon.colcon_core.shell:Creating package descriptor '/home/sofia/subscriber/install/dg_optitrack/share/dg_optitrack/package.dsv'
[4.299s] INFO:colcon.colcon_core.shell:Creating package script '/home/sofia/subscriber/install/dg_optitrack/share/dg_optitrack/package.sh'
[4.299s] INFO:colcon.colcon_core.shell:Creating package script '/home/sofia/subscriber/install/dg_optitrack/share/dg_optitrack/package.bash'
[4.300s] INFO:colcon.colcon_core.shell:Creating package script '/home/sofia/subscriber/install/dg_optitrack/share/dg_optitrack/package.zsh'
[4.300s] Level 1:colcon.colcon_core.environment:create_file_with_runtime_dependencies(/home/sofia/subscriber/install/dg_optitrack/share/colcon-core/packages/dg_optitrack)
[4.300s] DEBUG:colcon.colcon_parallel_executor.executor.parallel:closing loop
[4.301s] DEBUG:colcon.colcon_parallel_executor.executor.parallel:loop closed
[4.301s] DEBUG:colcon.colcon_parallel_executor.executor.parallel:run_until_complete finished with '0'
[4.301s] DEBUG:colcon.colcon_core.event_reactor:joining thread
[4.357s] INFO:colcon.colcon_core.plugin_system:Skipping extension 'colcon_notification.desktop_notification.terminal_notifier': Not used on non-Darwin systems
[4.357s] INFO:colcon.colcon_core.plugin_system:Skipping extension 'colcon_notification.desktop_notification.win32': Not used on non-Windows systems
[4.357s] INFO:colcon.colcon_notification.desktop_notification:Sending desktop notification using 'notify2'
[4.366s] DEBUG:colcon.colcon_core.event_reactor:joined thread
[4.421s] INFO:colcon.colcon_core.shell:Creating prefix script '/home/sofia/subscriber/install/local_setup.ps1'
[4.422s] INFO:colcon.colcon_core.shell:Creating prefix util module '/home/sofia/subscriber/install/_local_setup_util_ps1.py'
[4.422s] INFO:colcon.colcon_core.shell:Creating prefix chain script '/home/sofia/subscriber/install/setup.ps1'
[4.478s] INFO:colcon.colcon_core.shell:Creating prefix script '/home/sofia/subscriber/install/local_setup.sh'
[4.478s] INFO:colcon.colcon_core.shell:Creating prefix util module '/home/sofia/subscriber/install/_local_setup_util_sh.py'
[4.479s] INFO:colcon.colcon_core.shell:Creating prefix chain script '/home/sofia/subscriber/install/setup.sh'
[4.534s] INFO:colcon.colcon_core.shell:Creating prefix script '/home/sofia/subscriber/install/local_setup.bash'
[4.534s] INFO:colcon.colcon_core.shell:Creating prefix chain script '/home/sofia/subscriber/install/setup.bash'
[4.587s] INFO:colcon.colcon_core.shell:Creating prefix script '/home/sofia/subscriber/install/local_setup.zsh'
[4.587s] INFO:colcon.colcon_core.shell:Creating prefix chain script '/home/sofia/subscriber/install/setup.zsh'
